<?xml version="1.0" encoding="UTF-8"?>
<!-- Generated by org.testng.reporters.JUnitXMLReporter -->
<testsuite ignored="0" hostname="DivyashriSS" failures="1" tests="4" name="Test" time="18.756" errors="0" timestamp="2024-07-23T14:42:41 IST">
  <testcase classname="tests.BuyTest" name="buying" time="3.697">
    <failure type="java.lang.AssertionError" message="expected [true] but found [false]">
      <![CDATA[java.lang.AssertionError: expected [true] but found [false]
at tests.BuyTest.buying(BuyTest.java:27)
at java.base/java.util.ArrayList.forEach(ArrayList.java:1511)
... Removed 31 stack frames]]>
    </failure>
  </testcase> <!-- buying -->
  <testcase classname="tests.RegisterTest" name="Registering" time="0.004"/>
  <testcase classname="tests.LoginTest" name="Login" time="1.702"/>
  <testcase classname="tests.LoginTest" name="Login" time="6.462"/>
</testsuite> <!-- Test -->
