<?xml version="1.0" encoding="UTF-8"?>
<!-- Generated by org.testng.reporters.JUnitXMLReporter -->
<testsuite ignored="0" hostname="DivyashriSS" failures="0" tests="4" name="Test" time="32.14" errors="0" timestamp="2024-07-18T15:24:23 IST">
  <testcase classname="tests.BuyTest" name="buying" time="0.004"/>
  <testcase classname="tests.RegisterTest" name="Registering" time="0.001"/>
  <testcase classname="tests.LoginTest" name="Login" time="10.963"/>
  <testcase classname="tests.LoginTest" name="Login" time="15.68"/>
</testsuite> <!-- Test -->
