<?xml version="1.0" encoding="UTF-8"?>
<testng-results ignored="0" total="4" passed="4" failed="0" skipped="0">
  <reporter-output>
  </reporter-output>
  <suite started-at="2024-07-18T15:23:51 IST" name="Suite" finished-at="2024-07-18T15:24:23 IST" duration-ms="32140">
    <groups>
    </groups>
    <test started-at="2024-07-18T15:23:51 IST" name="Test" finished-at="2024-07-18T15:24:23 IST" duration-ms="32140">
      <class name="tests.LoginTest">
        <test-method is-config="true" signature="openBrowser()[pri:0, instance:tests.LoginTest@595b007d]" started-at="2024-07-18T15:23:54 IST" name="openBrowser" finished-at="2024-07-18T15:23:55 IST" duration-ms="1026" status="PASS">
          <reporter-output>
          </reporter-output>
        </test-method> <!-- openBrowser -->
        <test-method signature="Login(java.lang.String,java.lang.String)[pri:0, instance:tests.LoginTest@595b007d]" started-at="2024-07-18T15:23:55 IST" name="Login" data-provider="getLoginData" finished-at="2024-07-18T15:24:06 IST" duration-ms="10963" status="PASS">
          <params>
            <param index="0">
              <value>
                <![CDATA[abc.efg@gmail.com]]>
              </value>
            </param>
            <param index="1">
              <value>
                <![CDATA[password]]>
              </value>
            </param>
          </params>
          <reporter-output>
          </reporter-output>
        </test-method> <!-- Login -->
        <test-method is-config="true" signature="closeBrowser()[pri:0, instance:tests.LoginTest@595b007d]" started-at="2024-07-18T15:24:06 IST" name="closeBrowser" finished-at="2024-07-18T15:24:06 IST" duration-ms="186" status="PASS">
          <reporter-output>
          </reporter-output>
        </test-method> <!-- closeBrowser -->
        <test-method is-config="true" signature="openBrowser()[pri:0, instance:tests.LoginTest@595b007d]" started-at="2024-07-18T15:24:06 IST" name="openBrowser" finished-at="2024-07-18T15:24:08 IST" duration-ms="1117" status="PASS">
          <reporter-output>
          </reporter-output>
        </test-method> <!-- openBrowser -->
        <test-method signature="Login(java.lang.String,java.lang.String)[pri:0, instance:tests.LoginTest@595b007d]" started-at="2024-07-18T15:24:08 IST" name="Login" data-provider="getLoginData" finished-at="2024-07-18T15:24:23 IST" duration-ms="15680" status="PASS">
          <params>
            <param index="0">
              <value>
                <![CDATA[123.efg@gmail.com]]>
              </value>
            </param>
            <param index="1">
              <value>
                <![CDATA[password]]>
              </value>
            </param>
          </params>
          <reporter-output>
          </reporter-output>
        </test-method> <!-- Login -->
        <test-method is-config="true" signature="closeBrowser()[pri:0, instance:tests.LoginTest@595b007d]" started-at="2024-07-18T15:24:23 IST" name="closeBrowser" finished-at="2024-07-18T15:24:23 IST" duration-ms="160" status="PASS">
          <reporter-output>
          </reporter-output>
        </test-method> <!-- closeBrowser -->
      </class> <!-- tests.LoginTest -->
      <class name="tests.BuyTest">
        <test-method is-config="true" signature="openBrowser()[pri:0, instance:tests.BuyTest@384ad17b]" started-at="2024-07-18T15:23:51 IST" name="openBrowser" finished-at="2024-07-18T15:23:53 IST" duration-ms="1580" status="PASS">
          <reporter-output>
          </reporter-output>
        </test-method> <!-- openBrowser -->
        <test-method signature="buying()[pri:0, instance:tests.BuyTest@384ad17b]" started-at="2024-07-18T15:23:53 IST" name="buying" finished-at="2024-07-18T15:23:53 IST" duration-ms="4" status="PASS">
          <reporter-output>
          </reporter-output>
        </test-method> <!-- buying -->
        <test-method is-config="true" signature="closeBrowser()[pri:0, instance:tests.BuyTest@384ad17b]" started-at="2024-07-18T15:23:53 IST" name="closeBrowser" finished-at="2024-07-18T15:23:53 IST" duration-ms="182" status="PASS">
          <reporter-output>
          </reporter-output>
        </test-method> <!-- closeBrowser -->
      </class> <!-- tests.BuyTest -->
      <class name="tests.RegisterTest">
        <test-method is-config="true" signature="openBrowser()[pri:0, instance:tests.RegisterTest@5158b42f]" started-at="2024-07-18T15:23:53 IST" name="openBrowser" finished-at="2024-07-18T15:23:54 IST" duration-ms="1017" status="PASS">
          <reporter-output>
          </reporter-output>
        </test-method> <!-- openBrowser -->
        <test-method signature="Registering()[pri:0, instance:tests.RegisterTest@5158b42f]" started-at="2024-07-18T15:23:54 IST" name="Registering" finished-at="2024-07-18T15:23:54 IST" duration-ms="1" status="PASS">
          <reporter-output>
          </reporter-output>
        </test-method> <!-- Registering -->
        <test-method is-config="true" signature="closeBrowser()[pri:0, instance:tests.RegisterTest@5158b42f]" started-at="2024-07-18T15:23:54 IST" name="closeBrowser" finished-at="2024-07-18T15:23:54 IST" duration-ms="163" status="PASS">
          <reporter-output>
          </reporter-output>
        </test-method> <!-- closeBrowser -->
      </class> <!-- tests.RegisterTest -->
    </test> <!-- Test -->
  </suite> <!-- Suite -->
</testng-results>
